0 info it worked if it ends with ok
1 verbose cli [ '/usr/local/bin/node',
1 verbose cli   '/usr/local/bin/npm',
1 verbose cli   'install',
1 verbose cli   'netbeasttttt' ]
2 info using npm@2.14.12
3 info using node@v4.3.2
4 verbose install initial load of /Users/fcojriosbello/Documents/Development/workshop/bulb-plugin-master/package.json
5 warn package.json bulb-plugin@1.0.0 license should be a valid SPDX license expression
6 verbose installManyTop reading scoped package data from /Users/fcojriosbello/Documents/Development/workshop/bulb-plugin-master/node_modules/body-parser/package.json
7 verbose installManyTop reading scoped package data from /Users/fcojriosbello/Documents/Development/workshop/bulb-plugin-master/node_modules/colorsys/package.json
8 verbose installManyTop reading scoped package data from /Users/fcojriosbello/Documents/Development/workshop/bulb-plugin-master/node_modules/express/package.json
9 verbose installManyTop reading scoped package data from /Users/fcojriosbello/Documents/Development/workshop/bulb-plugin-master/node_modules/minimist/package.json
10 verbose installManyTop reading scoped package data from /Users/fcojriosbello/Documents/Development/workshop/bulb-plugin-master/node_modules/netbeast/package.json
11 verbose installManyTop reading scoped package data from /Users/fcojriosbello/Documents/Development/workshop/bulb-plugin-master/node_modules/socket.io/package.json
12 verbose installManyTop reading scoped package data from /Users/fcojriosbello/Documents/Development/workshop/bulb-plugin-master/node_modules/superagent/package.json
13 info package.json colorsys@1.0.6 No repository field.
14 info package.json netbeast@0.0.6 license should be a valid SPDX license expression
15 verbose readDependencies loading dependencies from /Users/fcojriosbello/Documents/Development/workshop/bulb-plugin-master/package.json
16 silly cache add args [ 'netbeasttttt', null ]
17 verbose cache add spec netbeasttttt
18 silly cache add parsed spec Result {
18 silly cache add   raw: 'netbeasttttt',
18 silly cache add   scope: null,
18 silly cache add   name: 'netbeasttttt',
18 silly cache add   rawSpec: '',
18 silly cache add   spec: 'latest',
18 silly cache add   type: 'tag' }
19 silly addNamed netbeasttttt@latest
20 verbose addNamed "latest" is being treated as a dist-tag for netbeasttttt
21 info addNameTag [ 'netbeasttttt', 'latest' ]
22 silly mapToRegistry name netbeasttttt
23 silly mapToRegistry using default registry
24 silly mapToRegistry registry http://registry.npmjs.org/
25 silly mapToRegistry uri http://registry.npmjs.org/netbeasttttt
26 verbose addNameTag registry:http://registry.npmjs.org/netbeasttttt not in flight; fetching
27 verbose request uri http://registry.npmjs.org/netbeasttttt
28 verbose request no auth needed
29 info attempt registry request try #1 at 16:48:22
30 verbose request using bearer token for auth
31 verbose request id 999776feade7ccc7
32 http request GET http://registry.npmjs.org/netbeasttttt
33 http 404 http://registry.npmjs.org/netbeasttttt
34 verbose headers { 'content-type': 'application/json',
34 verbose headers   'cache-control': 'max-age=0',
34 verbose headers   'content-length': '2',
34 verbose headers   'accept-ranges': 'bytes',
34 verbose headers   date: 'Sat, 05 Mar 2016 15:48:23 GMT',
34 verbose headers   'x-served-by': 'cache-fra1247-FRA',
34 verbose headers   'x-cache': 'MISS, MISS from localhost',
34 verbose headers   'x-cache-hits': '0',
34 verbose headers   'x-timer': 'S1457192902.612316,VS0,VE720',
34 verbose headers   'x-cache-lookup': 'MISS from localhost:3128',
34 verbose headers   via: '1.1 varnish, 1.0 localhost (squid/3.1.19)',
34 verbose headers   connection: 'keep-alive' }
35 silly get cb [ 404,
35 silly get   { 'content-type': 'application/json',
35 silly get     'cache-control': 'max-age=0',
35 silly get     'content-length': '2',
35 silly get     'accept-ranges': 'bytes',
35 silly get     date: 'Sat, 05 Mar 2016 15:48:23 GMT',
35 silly get     'x-served-by': 'cache-fra1247-FRA',
35 silly get     'x-cache': 'MISS, MISS from localhost',
35 silly get     'x-cache-hits': '0',
35 silly get     'x-timer': 'S1457192902.612316,VS0,VE720',
35 silly get     'x-cache-lookup': 'MISS from localhost:3128',
35 silly get     via: '1.1 varnish, 1.0 localhost (squid/3.1.19)',
35 silly get     connection: 'keep-alive' } ]
36 verbose stack Error: Registry returned 404 for GET on http://registry.npmjs.org/netbeasttttt
36 verbose stack     at makeError (/usr/local/lib/node_modules/npm/node_modules/npm-registry-client/lib/request.js:264:12)
36 verbose stack     at CachingRegistryClient.<anonymous> (/usr/local/lib/node_modules/npm/node_modules/npm-registry-client/lib/request.js:242:14)
36 verbose stack     at Request._callback (/usr/local/lib/node_modules/npm/node_modules/npm-registry-client/lib/request.js:172:14)
36 verbose stack     at Request.self.callback (/usr/local/lib/node_modules/npm/node_modules/request/request.js:198:22)
36 verbose stack     at emitTwo (events.js:87:13)
36 verbose stack     at Request.emit (events.js:172:7)
36 verbose stack     at Request.<anonymous> (/usr/local/lib/node_modules/npm/node_modules/request/request.js:1082:10)
36 verbose stack     at emitOne (events.js:82:20)
36 verbose stack     at Request.emit (events.js:169:7)
36 verbose stack     at IncomingMessage.<anonymous> (/usr/local/lib/node_modules/npm/node_modules/request/request.js:1009:12)
37 verbose statusCode 404
38 verbose pkgid netbeasttttt
39 verbose cwd /Users/fcojriosbello/Documents/Development/workshop/bulb-plugin-master
40 error Darwin 15.3.0
41 error argv "/usr/local/bin/node" "/usr/local/bin/npm" "install" "netbeasttttt"
42 error node v4.3.2
43 error npm  v2.14.12
44 error code E404
45 error 404 Registry returned 404 for GET on http://registry.npmjs.org/netbeasttttt
45 error 404
45 error 404 'netbeasttttt' is not in the npm registry.
45 error 404 You should bug the author to publish it (or use the name yourself!)
45 error 404 It was specified as a dependency of 'bulb-plugin'
45 error 404
45 error 404 Note that you can also install from a
45 error 404 tarball, folder, http url, or git url.
46 verbose exit [ 1, true ]
